  visu4.cpp
C:\Users\Az\Desktop\TP1\visu4.cpp(70,11): warning C4018: '>=': signed/unsigned mismatch
C:\Users\Az\Desktop\TP1\visu4.cpp(70,27): warning C4018: '<': signed/unsigned mismatch
C:\Users\Az\Desktop\TP1\visu4.cpp(79,12): warning C4018: '<': signed/unsigned mismatch
C:\Users\Az\Desktop\TP1\visu4.cpp(79,27): warning C4018: '>=': signed/unsigned mismatch
C:\Users\Az\Desktop\TP1\visu4.cpp(88,13): warning C4018: '<': signed/unsigned mismatch
C:\Users\Az\Desktop\TP1\visu4.cpp(88,28): warning C4018: '<': signed/unsigned mismatch
C:\Users\Az\Desktop\TP1\visu4.cpp(161,12): warning C4244: 'return': conversion from 'double' to 'float', possible loss of data
C:\Users\Az\Desktop\TP1\visu4.cpp(168,21): warning C4018: '<': signed/unsigned mismatch
C:\Users\Az\Desktop\TP1\visu4.cpp(170,22): warning C4018: '<': signed/unsigned mismatch
C:\Users\Az\Desktop\TP1\visu4.cpp(184,21): warning C4018: '<': signed/unsigned mismatch
C:\Users\Az\Desktop\TP1\visu4.cpp(185,22): warning C4018: '<': signed/unsigned mismatch
C:\Users\Az\Desktop\TP1\visu4.cpp(190,21): warning C4018: '<': signed/unsigned mismatch
C:\Users\Az\Desktop\TP1\visu4.cpp(192,22): warning C4018: '<': signed/unsigned mismatch
C:\Users\Az\Desktop\TP1\visu4.cpp(209,20): warning C4018: '<': signed/unsigned mismatch
C:\Users\Az\Desktop\TP1\visu4.cpp(218,28): warning C4018: '<': signed/unsigned mismatch
C:\Users\Az\Desktop\TP1\visu4.cpp(226,22): warning C4018: '<': signed/unsigned mismatch
C:\Users\Az\Desktop\TP1\visu4.cpp(227,23): warning C4018: '<': signed/unsigned mismatch
C:\Users\Az\Desktop\TP1\visu4.cpp(236,22): warning C4018: '<': signed/unsigned mismatch
C:\Users\Az\Desktop\TP1\visu4.cpp(247,22): warning C4018: '<': signed/unsigned mismatch
C:\Users\Az\Desktop\TP1\visu4.cpp(335,16): warning C4244: 'initializing': conversion from 'T' to 'int', possible loss of data
          with
          [
              T=float
          ]
C:\Users\Az\Desktop\TP1\visu4.cpp(344,21): warning C4018: '<': signed/unsigned mismatch
  TP1.vcxproj -> C:\Users\Az\Desktop\TP1\Debug\TP1.exe
